INFO [acme.Launcher] Starting Launcher using Java 1.8.0_181 on LAPTOP-R9Q64ICJ with PID 8516 (E:\github\DP2-G44-Sprint2\target\classes started by anton in E:\github\DP2-G44-Sprint2)
INFO [acme.Launcher] The following profiles are active: development,populator
INFO [acme.Launcher] Started Launcher in 53.239 seconds (JVM running for 58.509)
INFO [acme.framework.utilities.DatabasePopulator] Populating initial data
INFO [acme.framework.utilities.DatabasePopulator] Recreating schema
INFO [acme.framework.utilities.DatabasePopulator] Populating entities from classpath:/WEB-INF/population/initial-data.xml
INFO [acme.framework.utilities.DatabasePopulator] Validating your entities.
INFO [acme.framework.utilities.DatabasePopulator] Validating anonymousUserAccount ... PASS
INFO [acme.framework.utilities.DatabasePopulator] Validating anonymousAnonymous ... PASS
INFO [acme.framework.utilities.DatabasePopulator] Validating administratorUserAccount ... PASS
INFO [acme.framework.utilities.DatabasePopulator] Validating administratorAdministrator ... PASS
INFO [acme.framework.utilities.DatabasePopulator] Validating administratorAuthenticated ... PASS
INFO [acme.framework.utilities.DatabasePopulator] Sorting your entities topologically.
INFO [acme.framework.utilities.DatabasePopulator] > Setting index 0 for anonymousUserAccount.
INFO [acme.framework.utilities.DatabasePopulator] > Setting index 1 for anonymousAnonymous.
INFO [acme.framework.utilities.DatabasePopulator] > Setting index 2 for administratorUserAccount.
INFO [acme.framework.utilities.DatabasePopulator] > Setting index 3 for administratorAdministrator.
INFO [acme.framework.utilities.DatabasePopulator] > Setting index 4 for administratorAuthenticated.
INFO [acme.framework.utilities.DatabasePopulator] Persiting your entities.
INFO [acme.framework.utilities.DatabasePopulator] > Persisting anonymousUserAccount = acme.framework.entities.UserAccount{id=1, version=0}
INFO [acme.framework.utilities.DatabasePopulator] > Persisting anonymousAnonymous = acme.framework.entities.Anonymous{id=2, version=0}
INFO [acme.framework.utilities.DatabasePopulator] > Persisting administratorUserAccount = acme.framework.entities.UserAccount{id=3, version=0}
INFO [acme.framework.utilities.DatabasePopulator] > Persisting administratorAdministrator = acme.framework.entities.Administrator{id=4, version=0}
INFO [acme.framework.utilities.DatabasePopulator] > Persisting administratorAuthenticated = acme.framework.entities.Authenticated{id=5, version=0}
INFO [acme.framework.configuration.ShutdownConfiguration] The system is shutting down...
INFO [acme.Launcher] Starting Launcher using Java 1.8.0_181 on LAPTOP-R9Q64ICJ with PID 9256 (E:\github\DP2-G44-Sprint2\target\classes started by anton in E:\github\DP2-G44-Sprint2)
INFO [acme.Launcher] The following profiles are active: development,populator
INFO [acme.Launcher] Started Launcher in 28.187 seconds (JVM running for 30.936)
INFO [acme.framework.utilities.DatabasePopulator] Populating sample data
INFO [acme.framework.utilities.DatabasePopulator] Recreating schema
INFO [acme.framework.utilities.DatabasePopulator] Populating entities from classpath:/WEB-INF/population/initial-data.xml
INFO [acme.framework.utilities.DatabasePopulator] Validating your entities.
INFO [acme.framework.utilities.DatabasePopulator] Validating anonymousUserAccount ... PASS
INFO [acme.framework.utilities.DatabasePopulator] Validating anonymousAnonymous ... PASS
INFO [acme.framework.utilities.DatabasePopulator] Validating administratorUserAccount ... PASS
INFO [acme.framework.utilities.DatabasePopulator] Validating administratorAdministrator ... PASS
INFO [acme.framework.utilities.DatabasePopulator] Validating administratorAuthenticated ... PASS
INFO [acme.framework.utilities.DatabasePopulator] Sorting your entities topologically.
INFO [acme.framework.utilities.DatabasePopulator] > Setting index 0 for anonymousUserAccount.
INFO [acme.framework.utilities.DatabasePopulator] > Setting index 1 for anonymousAnonymous.
INFO [acme.framework.utilities.DatabasePopulator] > Setting index 2 for administratorUserAccount.
INFO [acme.framework.utilities.DatabasePopulator] > Setting index 3 for administratorAdministrator.
INFO [acme.framework.utilities.DatabasePopulator] > Setting index 4 for administratorAuthenticated.
INFO [acme.framework.utilities.DatabasePopulator] Persiting your entities.
INFO [acme.framework.utilities.DatabasePopulator] > Persisting anonymousUserAccount = acme.framework.entities.UserAccount{id=1, version=0}
INFO [acme.framework.utilities.DatabasePopulator] > Persisting anonymousAnonymous = acme.framework.entities.Anonymous{id=2, version=0}
INFO [acme.framework.utilities.DatabasePopulator] > Persisting administratorUserAccount = acme.framework.entities.UserAccount{id=3, version=0}
INFO [acme.framework.utilities.DatabasePopulator] > Persisting administratorAdministrator = acme.framework.entities.Administrator{id=4, version=0}
INFO [acme.framework.utilities.DatabasePopulator] > Persisting administratorAuthenticated = acme.framework.entities.Authenticated{id=5, version=0}
INFO [acme.framework.utilities.DatabasePopulator] Populating entities from classpath:/WEB-INF/population/sample-data.xml
INFO [acme.framework.utilities.DatabasePopulator] Validating your entities.
INFO [acme.framework.utilities.DatabasePopulator] Validating shout01 ... PASS
INFO [acme.framework.utilities.DatabasePopulator] Validating shout02 ... PASS
INFO [acme.framework.utilities.DatabasePopulator] Validating shout03 ... PASS
INFO [acme.framework.utilities.DatabasePopulator] Validating shout04 ... PASS
INFO [acme.framework.utilities.DatabasePopulator] Validating shout05 ... PASS
INFO [acme.framework.utilities.DatabasePopulator] Validating shout06 ... PASS
INFO [acme.framework.utilities.DatabasePopulator] Validating shout07 ... PASS
INFO [acme.framework.utilities.DatabasePopulator] Validating shout08 ... PASS
INFO [acme.framework.utilities.DatabasePopulator] Validating shout09 ... PASS
INFO [acme.framework.utilities.DatabasePopulator] Validating authenticated1UserAccount ... PASS
INFO [acme.framework.utilities.DatabasePopulator] Validating authenticated1Authenticated ... PASS
INFO [acme.framework.utilities.DatabasePopulator] Validating manager1UserAccount ... PASS
INFO [acme.framework.utilities.DatabasePopulator] Validating manager1Manager ... PASS
INFO [acme.framework.utilities.DatabasePopulator] Validating manager1Authenticated ... PASS
INFO [acme.framework.utilities.DatabasePopulator] Validating manager2UserAccount ... PASS
INFO [acme.framework.utilities.DatabasePopulator] Validating manager2Manager ... PASS
INFO [acme.framework.utilities.DatabasePopulator] Validating manager2Authenticated ... PASS
INFO [acme.framework.utilities.DatabasePopulator] Validating task1 ... PASS
INFO [acme.framework.utilities.DatabasePopulator] Validating task2 ... PASS
INFO [acme.framework.utilities.DatabasePopulator] Validating task3 ... PASS
INFO [acme.framework.utilities.DatabasePopulator] Validating task4 ... PASS
INFO [acme.framework.utilities.DatabasePopulator] Validating task5 ... PASS
INFO [acme.framework.utilities.DatabasePopulator] Validating task6 ... PASS
INFO [acme.framework.utilities.DatabasePopulator] Validating filter1 ... PASS
INFO [acme.framework.utilities.DatabasePopulator] Validating word1 ... PASS
INFO [acme.framework.utilities.DatabasePopulator] Validating word2 ... PASS
INFO [acme.framework.utilities.DatabasePopulator] Validating word3 ... PASS
INFO [acme.framework.utilities.DatabasePopulator] Validating word4 ... PASS
INFO [acme.framework.utilities.DatabasePopulator] Validating word5 ... PASS
INFO [acme.framework.utilities.DatabasePopulator] Validating word6 ... PASS
INFO [acme.framework.utilities.DatabasePopulator] Validating word7 ... PASS
INFO [acme.framework.utilities.DatabasePopulator] Validating word8 ... PASS
INFO [acme.framework.utilities.DatabasePopulator] Validating word9 ... PASS
INFO [acme.framework.utilities.DatabasePopulator] Validating word10 ... PASS
INFO [acme.framework.utilities.DatabasePopulator] Sorting your entities topologically.
INFO [acme.framework.utilities.DatabasePopulator] > Setting index 0 for shout01.
INFO [acme.framework.utilities.DatabasePopulator] > Setting index 1 for shout02.
INFO [acme.framework.utilities.DatabasePopulator] > Setting index 2 for shout03.
INFO [acme.framework.utilities.DatabasePopulator] > Setting index 3 for shout04.
INFO [acme.framework.utilities.DatabasePopulator] > Setting index 4 for shout05.
INFO [acme.framework.utilities.DatabasePopulator] > Setting index 5 for shout06.
INFO [acme.framework.utilities.DatabasePopulator] > Setting index 6 for shout07.
INFO [acme.framework.utilities.DatabasePopulator] > Setting index 7 for shout08.
INFO [acme.framework.utilities.DatabasePopulator] > Setting index 8 for shout09.
INFO [acme.framework.utilities.DatabasePopulator] > Setting index 9 for authenticated1UserAccount.
INFO [acme.framework.utilities.DatabasePopulator] > Setting index 10 for authenticated1Authenticated.
INFO [acme.framework.utilities.DatabasePopulator] > Setting index 11 for manager1UserAccount.
INFO [acme.framework.utilities.DatabasePopulator] > Setting index 12 for manager1Manager.
INFO [acme.framework.utilities.DatabasePopulator] > Setting index 13 for manager1Authenticated.
INFO [acme.framework.utilities.DatabasePopulator] > Setting index 14 for manager2UserAccount.
INFO [acme.framework.utilities.DatabasePopulator] > Setting index 15 for manager2Manager.
INFO [acme.framework.utilities.DatabasePopulator] > Setting index 16 for manager2Authenticated.
INFO [acme.framework.utilities.DatabasePopulator] > Setting index 17 for task1.
INFO [acme.framework.utilities.DatabasePopulator] > Setting index 18 for task2.
INFO [acme.framework.utilities.DatabasePopulator] > Setting index 19 for task3.
INFO [acme.framework.utilities.DatabasePopulator] > Setting index 20 for task4.
INFO [acme.framework.utilities.DatabasePopulator] > Setting index 21 for task5.
INFO [acme.framework.utilities.DatabasePopulator] > Setting index 22 for task6.
INFO [acme.framework.utilities.DatabasePopulator] > Setting index 23 for filter1.
INFO [acme.framework.utilities.DatabasePopulator] > Setting index 24 for word1.
INFO [acme.framework.utilities.DatabasePopulator] > Setting index 25 for word2.
INFO [acme.framework.utilities.DatabasePopulator] > Setting index 26 for word3.
INFO [acme.framework.utilities.DatabasePopulator] > Setting index 27 for word4.
INFO [acme.framework.utilities.DatabasePopulator] > Setting index 28 for word5.
INFO [acme.framework.utilities.DatabasePopulator] > Setting index 29 for word6.
INFO [acme.framework.utilities.DatabasePopulator] > Setting index 30 for word7.
INFO [acme.framework.utilities.DatabasePopulator] > Setting index 31 for word8.
INFO [acme.framework.utilities.DatabasePopulator] > Setting index 32 for word9.
INFO [acme.framework.utilities.DatabasePopulator] > Setting index 33 for word10.
INFO [acme.framework.utilities.DatabasePopulator] Persiting your entities.
INFO [acme.framework.utilities.DatabasePopulator] > Persisting shout01 = acme.entities.shouts.Shout{id=6, version=0}
INFO [acme.framework.utilities.DatabasePopulator] > Persisting shout02 = acme.entities.shouts.Shout{id=7, version=0}
INFO [acme.framework.utilities.DatabasePopulator] > Persisting shout03 = acme.entities.shouts.Shout{id=8, version=0}
INFO [acme.framework.utilities.DatabasePopulator] > Persisting shout04 = acme.entities.shouts.Shout{id=9, version=0}
INFO [acme.framework.utilities.DatabasePopulator] > Persisting shout05 = acme.entities.shouts.Shout{id=10, version=0}
INFO [acme.framework.utilities.DatabasePopulator] > Persisting shout06 = acme.entities.shouts.Shout{id=11, version=0}
INFO [acme.framework.utilities.DatabasePopulator] > Persisting shout07 = acme.entities.shouts.Shout{id=12, version=0}
INFO [acme.framework.utilities.DatabasePopulator] > Persisting shout08 = acme.entities.shouts.Shout{id=13, version=0}
INFO [acme.framework.utilities.DatabasePopulator] > Persisting shout09 = acme.entities.shouts.Shout{id=14, version=0}
INFO [acme.framework.utilities.DatabasePopulator] > Persisting authenticated1UserAccount = acme.framework.entities.UserAccount{id=15, version=0}
INFO [acme.framework.utilities.DatabasePopulator] > Persisting authenticated1Authenticated = acme.framework.entities.Authenticated{id=16, version=0}
INFO [acme.framework.utilities.DatabasePopulator] > Persisting manager1UserAccount = acme.framework.entities.UserAccount{id=17, version=0}
INFO [acme.framework.utilities.DatabasePopulator] > Persisting manager1Manager = acme.entities.roles.Manager{id=18, version=0}
INFO [acme.framework.utilities.DatabasePopulator] > Persisting manager1Authenticated = acme.framework.entities.Authenticated{id=19, version=0}
INFO [acme.framework.utilities.DatabasePopulator] > Persisting manager2UserAccount = acme.framework.entities.UserAccount{id=20, version=0}
INFO [acme.framework.utilities.DatabasePopulator] > Persisting manager2Manager = acme.entities.roles.Manager{id=21, version=0}
INFO [acme.framework.utilities.DatabasePopulator] > Persisting manager2Authenticated = acme.framework.entities.Authenticated{id=22, version=0}
INFO [acme.framework.utilities.DatabasePopulator] > Persisting task1 = acme.entities.tasks.Task{id=23, version=0}
INFO [acme.framework.utilities.DatabasePopulator] > Persisting task2 = acme.entities.tasks.Task{id=24, version=0}
INFO [acme.framework.utilities.DatabasePopulator] > Persisting task3 = acme.entities.tasks.Task{id=25, version=0}
INFO [acme.framework.utilities.DatabasePopulator] > Persisting task4 = acme.entities.tasks.Task{id=26, version=0}
INFO [acme.framework.utilities.DatabasePopulator] > Persisting task5 = acme.entities.tasks.Task{id=27, version=0}
INFO [acme.framework.utilities.DatabasePopulator] > Persisting task6 = acme.entities.tasks.Task{id=28, version=0}
INFO [acme.framework.utilities.DatabasePopulator] > Persisting filter1 = acme.entities.filters.Filter{id=29, version=0}
INFO [acme.framework.utilities.DatabasePopulator] > Persisting word1 = acme.entities.filters.Word{id=30, version=0}
INFO [acme.framework.utilities.DatabasePopulator] > Persisting word2 = acme.entities.filters.Word{id=31, version=0}
INFO [acme.framework.utilities.DatabasePopulator] > Persisting word3 = acme.entities.filters.Word{id=32, version=0}
INFO [acme.framework.utilities.DatabasePopulator] > Persisting word4 = acme.entities.filters.Word{id=33, version=0}
INFO [acme.framework.utilities.DatabasePopulator] > Persisting word5 = acme.entities.filters.Word{id=34, version=0}
INFO [acme.framework.utilities.DatabasePopulator] > Persisting word6 = acme.entities.filters.Word{id=35, version=0}
INFO [acme.framework.utilities.DatabasePopulator] > Persisting word7 = acme.entities.filters.Word{id=36, version=0}
INFO [acme.framework.utilities.DatabasePopulator] > Persisting word8 = acme.entities.filters.Word{id=37, version=0}
INFO [acme.framework.utilities.DatabasePopulator] > Persisting word9 = acme.entities.filters.Word{id=38, version=0}
INFO [acme.framework.utilities.DatabasePopulator] > Persisting word10 = acme.entities.filters.Word{id=39, version=0}
INFO [acme.framework.configuration.ShutdownConfiguration] The system is shutting down...
